==21292== NVPROF is profiling process 21292, command: ./bin/jacobi-gpu1-2kernel 1024.txt 64
==21292== Profiling application: ./bin/jacobi-gpu1-2kernel 1024.txt 64
==21292== Profiling result:
Time(%)      Time     Calls       Avg       Min       Max  Name
 99.50%  2.78210s     10000  278.21us  274.70us  380.85us  jacobi_sigma(float*, float*, float*, float*, int)
  0.48%  13.356ms     10000  1.3350us  1.3120us  1.7280us  jacobi_xnext(float*, float*, float*, float*, int)
  0.02%  554.94us         3  184.98us  1.1840us  552.57us  [CUDA memcpy HtoD]
  0.00%  1.3760us         1  1.3760us  1.3760us  1.3760us  [CUDA memcpy DtoH]

==21292== API calls:
Time(%)      Time     Calls       Avg       Min       Max  Name
 83.86%  2.46378s     20000  123.19us  5.0980us  2.2367ms  cudaLaunch
  7.83%  230.11ms         4  57.529ms  6.2860us  229.86ms  cudaMalloc
  4.90%  144.09ms         4  36.022ms  10.337us  143.38ms  cudaMemcpy
  2.61%  76.653ms    100000     766ns     628ns  26.959us  cudaSetupArgument
  0.61%  17.962ms     20000     898ns     628ns  25.702us  cudaConfigureCall
  0.13%  3.7554ms       364  10.317us     698ns  475.34us  cuDeviceGetAttribute
  0.03%  877.63us         4  219.41us  210.08us  222.93us  cuDeviceTotalMem
  0.01%  311.56us         3  103.85us  6.7740us  290.75us  cudaFree
  0.01%  301.92us         4  75.481us  71.657us  81.854us  cuDeviceGetName
  0.00%  9.9860us        12     832ns     768ns     978ns  cuDeviceGet
  0.00%  4.3310us         3  1.4430us     769ns  2.5840us  cuDeviceGetCount
