==21230== NVPROF is profiling process 21230, command: ./bin/jacobi-gpu1-2kernel 256.txt 128
==21230== Profiling application: ./bin/jacobi-gpu1-2kernel 256.txt 128
==21230== Profiling result:
Time(%)      Time     Calls       Avg       Min       Max  Name
 97.97%  92.017ms      1500  61.344us  60.514us  61.987us  jacobi_sigma(float*, float*, float*, float*, int)
  2.00%  1.8812ms      1500  1.2540us  1.2160us  1.7600us  jacobi_xnext(float*, float*, float*, float*, int)
  0.03%  26.497us         3  8.8320us     992ns  24.161us  [CUDA memcpy HtoD]
  0.00%  1.2160us         1  1.2160us  1.2160us  1.2160us  [CUDA memcpy DtoH]

==21230== API calls:
Time(%)      Time     Calls       Avg       Min       Max  Name
 72.69%  230.41ms         4  57.602ms  5.3080us  230.16ms  cudaMalloc
 10.66%  33.795ms      3000  11.265us  6.8440us  376.79us  cudaLaunch
 10.33%  32.733ms         4  8.1833ms  8.3810us  32.635ms  cudaMemcpy
  3.66%  11.592ms     15000     772ns     628ns  36.807us  cudaSetupArgument
  1.37%  4.3480ms       364  11.944us     628ns  974.15us  cuDeviceGetAttribute
  0.80%  2.5382ms      3000     846ns     698ns  22.629us  cudaConfigureCall
  0.28%  873.23us         4  218.31us  207.43us  227.54us  cuDeviceTotalMem
  0.11%  337.33us         3  112.44us  6.7040us  318.13us  cudaFree
  0.10%  325.53us         4  81.382us  76.476us  88.838us  cuDeviceGetName
  0.00%  10.758us        12     896ns     769ns  1.0480us  cuDeviceGet
  0.00%  3.7020us         3  1.2340us     699ns  2.0250us  cuDeviceGetCount
