==22612== NVPROF is profiling process 22612, command: ./bin/jacobi-gpu1-2kernel 5120.txt 256
==22612== Profiling application: ./bin/jacobi-gpu1-2kernel 5120.txt 256
==22612== Profiling result:
Time(%)      Time     Calls       Avg       Min       Max  Name
 99.80%  300.663s    150000  2.0044ms  1.9323ms  2.4109ms  jacobi_sigma(float*, float*, float*, float*, int)
  0.20%  602.08ms    150000  4.0130us  3.5200us  7.6800us  jacobi_xnext(float*, float*, float*, float*, int)
  0.00%  13.205ms         3  4.4017ms  2.9760us  13.199ms  [CUDA memcpy HtoD]
  0.00%  2.6240us         1  2.6240us  2.6240us  2.6240us  [CUDA memcpy DtoH]

==22612== API calls:
Time(%)      Time     Calls       Avg       Min       Max  Name
 99.15%  297.743s    300000  992.48us  4.8890us  10.352ms  cudaLaunch
  0.35%  1.04448s         4  261.12ms  16.274us  1.03110s  cudaMemcpy
  0.34%  1.02993s   1500000     686ns     558ns  613.91us  cudaSetupArgument
  0.08%  233.43ms    300000     778ns     628ns  326.93us  cudaConfigureCall
  0.08%  232.39ms         4  58.098ms  6.4260us  232.10ms  cudaMalloc
  0.00%  3.3368ms       364  9.1670us     558ns  406.34us  cuDeviceGetAttribute
  0.00%  766.02us         4  191.50us  187.24us  194.58us  cuDeviceTotalMem
  0.00%  334.47us         3  111.49us  5.0280us  319.52us  cudaFree
  0.00%  265.96us         4  66.488us  62.508us  77.523us  cuDeviceGetName
  0.00%  9.2890us        12     774ns     628ns  1.0480us  cuDeviceGet
  0.00%  2.6550us         3     885ns     629ns  1.1880us  cuDeviceGetCount
