==23250== NVPROF is profiling process 23250, command: ./bin/jacobi-gpu1-2kernel 5120.txt 512
==23250== Profiling application: ./bin/jacobi-gpu1-2kernel 5120.txt 512
==23250== Profiling result:
Time(%)      Time     Calls       Avg       Min       Max  Name
 99.83%  344.223s    150000  2.2948ms  2.2069ms  2.9144ms  jacobi_sigma(float*, float*, float*, float*, int)
  0.17%  589.49ms    150000  3.9290us  3.5200us  5.6320us  jacobi_xnext(float*, float*, float*, float*, int)
  0.00%  11.468ms         3  3.8227ms  2.9760us  11.462ms  [CUDA memcpy HtoD]
  0.00%  2.6560us         1  2.6560us  2.6560us  2.6560us  [CUDA memcpy DtoH]

==23250== API calls:
Time(%)      Time     Calls       Avg       Min       Max  Name
 99.23%  341.206s    300000  1.1374ms  4.6090us  11.956ms  cudaLaunch
  0.35%  1.18763s         4  296.91ms  13.968us  1.17601s  cudaMemcpy
  0.30%  1.01464s   1500000     676ns     558ns  305.49us  cudaSetupArgument
  0.07%  224.10ms    300000     747ns     628ns  568.09us  cudaConfigureCall
  0.06%  216.56ms         4  54.140ms  3.8410us  216.35ms  cudaMalloc
  0.00%  3.3758ms       364  9.2740us     558ns  427.92us  cuDeviceGetAttribute
  0.00%  779.71us         4  194.93us  189.41us  198.21us  cuDeviceTotalMem
  0.00%  331.47us         3  110.49us  4.8890us  316.38us  cudaFree
  0.00%  273.71us         4  68.426us  62.578us  85.765us  cuDeviceGetName
  0.00%  8.6590us        12     721ns     558ns  1.0480us  cuDeviceGet
  0.00%  2.5130us         3     837ns     628ns  1.2570us  cuDeviceGetCount
